<?xml version="1.0" encoding="UTF-8"?>
<testsuite name="ru.stqa.isna.front.MainTest" tests="1" skipped="0" failures="0" errors="0" timestamp="2021-04-22T11:51:37" hostname="USER-6DHJ0E036O" time="2.282">
  <properties/>
  <testcase name="testGoToMgu" classname="ru.stqa.isna.front.MainTest" time="2.282"/>
  <system-out><![CDATA[]]></system-out>
  <system-err><![CDATA[]]></system-err>
</testsuite>
