<?xml version="1.0" encoding="UTF-8"?>
<testsuite name="ru.stqa.isna.front.GoToExcise" tests="1" skipped="0" failures="0" errors="0" timestamp="2021-04-23T05:22:34" hostname="USER-6DHJ0E036O" time="8.24">
  <properties/>
  <testcase name="testGoToExcise" classname="ru.stqa.isna.front.GoToExcise" time="8.24"/>
  <system-out><![CDATA[]]></system-out>
  <system-err><![CDATA[]]></system-err>
</testsuite>
