<?xml version="1.0" encoding="UTF-8"?>
<testsuite name="ru.stqa.isna.front.CreateDoc" tests="1" skipped="0" failures="0" errors="0" timestamp="2021-04-24T19:26:09" hostname="USER-6DHJ0E036O" time="13.667">
  <properties/>
  <testcase name="testCreateDocResidency" classname="ru.stqa.isna.front.CreateDoc" time="13.667"/>
  <system-out><![CDATA[]]></system-out>
  <system-err><![CDATA[]]></system-err>
</testsuite>
