<?xml version="1.0" encoding="UTF-8"?>
<testsuite name="ru.stqa.isna.front.CreateDoc" tests="1" skipped="0" failures="0" errors="0" timestamp="2021-04-25T10:09:12" hostname="USER-6DHJ0E036O" time="30.711">
  <properties/>
  <testcase name="testCreateDocResidency" classname="ru.stqa.isna.front.CreateDoc" time="30.711"/>
  <system-out><![CDATA[]]></system-out>
  <system-err><![CDATA[]]></system-err>
</testsuite>
